#
# There is insufficient memory for the Java Runtime Environment to continue.
# Native memory allocation (mmap) failed to map 132120576 bytes for G1 virtual space
# Possible reasons:
#   The system is out of physical RAM or swap space
#   The process is running with CompressedOops enabled, and the Java Heap may be blocking the growth of the native heap
# Possible solutions:
#   Reduce memory load on the system
#   Increase physical memory or swap space
#   Check if swap backing store is full
#   Decrease Java heap size (-Xmx/-Xms)
#   Decrease number of Java threads
#   Decrease Java thread stack sizes (-Xss)
#   Set larger code cache with -XX:ReservedCodeCacheSize=
#   JVM is running with Unscaled Compressed Oops mode in which the Java heap is
#     placed in the first 4GB address space. The Java Heap base address is the
#     maximum limit for the native heap growth. Please use -XX:HeapBaseMinAddress
#     to set the Java Heap base and to place the Java Heap above 4GB virtual address.
# This output file may be truncated or incomplete.
#
#  Out of Memory Error (os_windows.cpp:3536), pid=18916, tid=9328
#
# JRE version:  (19.0.2+7) (build )
# Java VM: OpenJDK 64-Bit Server VM (19.0.2+7-44, mixed mode, sharing, tiered, compressed oops, compressed class ptrs, g1 gc, windows-amd64)
# No core dump will be written. Minidumps are not enabled by default on client versions of Windows
#

---------------  S U M M A R Y ------------

Command Line: -javaagent:C:\Program Files\JetBrains\IntelliJ IDEA Community Edition 2022.3.2\lib\idea_rt.jar=50117:C:\Program Files\JetBrains\IntelliJ IDEA Community Edition 2022.3.2\bin -Dfile.encoding=UTF-8 -Dsun.stdout.encoding=UTF-8 -Dsun.stderr.encoding=UTF-8 NearestNeighborVisualizer input10.txt

Host: Intel(R) Core(TM) i5-10210U CPU @ 1.60GHz, 8 cores, 7G,  Windows 11 , 64 bit Build 22621 (10.0.22621.1194)
Time: Sat Mar 11 11:18:41 2023 Egypt Standard Time elapsed time: 0.013708 seconds (0d 0h 0m 0s)

---------------  T H R E A D  ---------------

Current thread (0x000001da54668ba0):  JavaThread "Unknown thread" [_thread_in_vm, id=9328, stack(0x0000008b2fa00000,0x0000008b2fb00000)]

Stack: [0x0000008b2fa00000,0x0000008b2fb00000]
Native frames: (J=compiled Java code, j=interpreted, Vv=VM code, C=native code)
V  [jvm.dll+0x6ee21a]
V  [jvm.dll+0x85765e]
V  [jvm.dll+0x85904e]
V  [jvm.dll+0x859703]
V  [jvm.dll+0x28298f]
V  [jvm.dll+0x6eb009]
V  [jvm.dll+0x6dfbaa]
V  [jvm.dll+0x3573f6]
V  [jvm.dll+0x35ee56]
V  [jvm.dll+0x3b541e]
V  [jvm.dll+0x3b564f]
V  [jvm.dll+0x32c9ea]
V  [jvm.dll+0x32d89e]
V  [jvm.dll+0x821780]
V  [jvm.dll+0x3c2661]
V  [jvm.dll+0x801f51]
V  [jvm.dll+0x44ae8f]
V  [jvm.dll+0x44c811]
C  [jli.dll+0x5287]
C  [ucrtbase.dll+0x29363]
C  [KERNEL32.DLL+0x126bd]
C  [ntdll.dll+0x5dfb8]


---------------  P R O C E S S  ---------------

Threads class SMR info:
_java_thread_list=0x00007ffe78d7d048, length=0, elements={
}

Java Threads: ( => current thread )

Other Threads:
  0x000001da546c85c0 WorkerThread "GC Thread#0" [stack: 0x0000008b2fb00000,0x0000008b2fc00000] [id=3360]
  0x000001da546db1f0 ConcurrentGCThread "G1 Main Marker" [stack: 0x0000008b2fc00000,0x0000008b2fd00000] [id=19400]
  0x000001da546dc3c0 WorkerThread "G1 Conc#0" [stack: 0x0000008b2fd00000,0x0000008b2fe00000] [id=6536]

[error occurred during error reporting (printing all threads), id 0xc0000005, EXCEPTION_ACCESS_VIOLATION (0xc0000005) at pc=0x00007ffe7853d427]

VM state: not at safepoint (not fully initialized)

VM Mutex/Monitor currently owned by a thread:  ([mutex/lock_event])
[0x000001da54663cb0] Heap_lock - owner thread: 0x000001da54668ba0

Heap address: 0x0000000083200000, size: 1998 MB, Compressed Oops mode: 32-bit

CDS archive(s) mapped at: [0x0000000000000000-0x0000000000000000-0x0000000000000000), size 0, SharedBaseAddress: 0x0000000800000000, ArchiveRelocationMode: 0.
Narrow klass base: 0x0000000000000000, Narrow klass shift: 0, Narrow klass range: 0x0

GC Precious Log:
 CardTable entry size: 512
 Card Set container configuration: InlinePtr #cards 5 size 8 Array Of Cards #cards 12 size 40 Howl #buckets 4 coarsen threshold 1843 Howl Bitmap #cards 512 size 80 coarsen threshold 460 Card regions per heap region 1 cards per card region 2048

Heap:
 garbage-first heap   total 0K, used 0K [0x0000000083200000, 0x0000000100000000)
  region size 1024K, 0 young (0K), 0 survivors (0K)

[error occurred during error reporting (printing heap information), id 0xc0000005, EXCEPTION_ACCESS_VIOLATION (0xc0000005) at pc=0x00007ffe78946649]

GC Heap History (0 events):
No events

Dll operation events (1 events):
Event: 0.009 Loaded shared library C:\Users\moham\.jdks\openjdk-19.0.2\bin\java.dll

Deoptimization events (0 events):
No events

Classes loaded (0 events):
No events

Classes unloaded (0 events):
No events

Classes redefined (0 events):
No events

Internal exceptions (0 events):
No events

VM Operations (0 events):
No events

Events (0 events):
No events


Dynamic libraries:
0x00007ff780800000 - 0x00007ff78080e000 	C:\Users\moham\.jdks\openjdk-19.0.2\bin\java.exe
0x00007ffec33f0000 - 0x00007ffec3604000 	C:\WINDOWS\SYSTEM32\ntdll.dll
0x00007ffec21b0000 - 0x00007ffec2273000 	C:\WINDOWS\System32\KERNEL32.DLL
0x00007ffec0da0000 - 0x00007ffec113c000 	C:\WINDOWS\System32\KERNELBASE.dll
0x00007ffec08a0000 - 0x00007ffec09b1000 	C:\WINDOWS\System32\ucrtbase.dll
0x00007ffeac9c0000 - 0x00007ffeac9db000 	C:\Users\moham\.jdks\openjdk-19.0.2\bin\VCRUNTIME140.dll
0x00007ffeac770000 - 0x00007ffeac787000 	C:\Users\moham\.jdks\openjdk-19.0.2\bin\jli.dll
0x00007ffec1300000 - 0x00007ffec14ad000 	C:\WINDOWS\System32\USER32.dll
0x00007ffec0b80000 - 0x00007ffec0ba6000 	C:\WINDOWS\System32\win32u.dll
0x00007ffea73a0000 - 0x00007ffea762e000 	C:\WINDOWS\WinSxS\amd64_microsoft.windows.common-controls_6595b64144ccf1df_6.0.22621.608_none_a9444ca7c10bb01d\COMCTL32.dll
0x00007ffec14b0000 - 0x00007ffec14d9000 	C:\WINDOWS\System32\GDI32.dll
0x00007ffec1760000 - 0x00007ffec1807000 	C:\WINDOWS\System32\msvcrt.dll
0x00007ffec0a60000 - 0x00007ffec0b72000 	C:\WINDOWS\System32\gdi32full.dll
0x00007ffec09c0000 - 0x00007ffec0a5a000 	C:\WINDOWS\System32\msvcp_win.dll
0x00007ffec2b00000 - 0x00007ffec2b32000 	C:\WINDOWS\System32\IMM32.DLL
0x00007ffeac9b0000 - 0x00007ffeac9bc000 	C:\Users\moham\.jdks\openjdk-19.0.2\bin\vcruntime140_1.dll
0x00007ffe982e0000 - 0x00007ffe9836e000 	C:\Users\moham\.jdks\openjdk-19.0.2\bin\msvcp140.dll
0x00007ffe78200000 - 0x00007ffe78ec0000 	C:\Users\moham\.jdks\openjdk-19.0.2\bin\server\jvm.dll
0x00007ffec2610000 - 0x00007ffec26be000 	C:\WINDOWS\System32\ADVAPI32.dll
0x00007ffec1570000 - 0x00007ffec1614000 	C:\WINDOWS\System32\sechost.dll
0x00007ffec2900000 - 0x00007ffec2a15000 	C:\WINDOWS\System32\RPCRT4.dll
0x00007ffeb9d00000 - 0x00007ffeb9d34000 	C:\WINDOWS\SYSTEM32\WINMM.dll
0x00007ffeb8eb0000 - 0x00007ffeb8eb9000 	C:\WINDOWS\SYSTEM32\WSOCK32.dll
0x00007ffeb1b50000 - 0x00007ffeb1b5a000 	C:\WINDOWS\SYSTEM32\VERSION.dll
0x00007ffec2a20000 - 0x00007ffec2a91000 	C:\WINDOWS\System32\WS2_32.dll
0x00007ffebf850000 - 0x00007ffebf868000 	C:\WINDOWS\SYSTEM32\kernel.appcore.dll
0x00007ffeac8d0000 - 0x00007ffeac8da000 	C:\Users\moham\.jdks\openjdk-19.0.2\bin\jimage.dll
0x00007ffeba920000 - 0x00007ffebab4e000 	C:\WINDOWS\SYSTEM32\DBGHELP.DLL
0x00007ffec2280000 - 0x00007ffec260a000 	C:\WINDOWS\System32\combase.dll
0x00007ffec1620000 - 0x00007ffec16f7000 	C:\WINDOWS\System32\OLEAUT32.dll
0x00007ffea1230000 - 0x00007ffea1262000 	C:\WINDOWS\SYSTEM32\dbgcore.DLL
0x00007ffec0bb0000 - 0x00007ffec0c2b000 	C:\WINDOWS\System32\bcryptPrimitives.dll
0x00007ffeac5f0000 - 0x00007ffeac5fe000 	C:\Users\moham\.jdks\openjdk-19.0.2\bin\instrument.dll
0x00007ffeab8e0000 - 0x00007ffeab906000 	C:\Users\moham\.jdks\openjdk-19.0.2\bin\java.dll

dbghelp: loaded successfully - version: 4.0.5 - missing functions: none
symbol engine: initialized successfully - sym options: 0x614 - pdb path: .;C:\Users\moham\.jdks\openjdk-19.0.2\bin;C:\WINDOWS\SYSTEM32;C:\WINDOWS\WinSxS\amd64_microsoft.windows.common-controls_6595b64144ccf1df_6.0.22621.608_none_a9444ca7c10bb01d;C:\Users\moham\.jdks\openjdk-19.0.2\bin\server

VM Arguments:
jvm_args: -javaagent:C:\Program Files\JetBrains\IntelliJ IDEA Community Edition 2022.3.2\lib\idea_rt.jar=50117:C:\Program Files\JetBrains\IntelliJ IDEA Community Edition 2022.3.2\bin -Dfile.encoding=UTF-8 -Dsun.stdout.encoding=UTF-8 -Dsun.stderr.encoding=UTF-8 
java_command: NearestNeighborVisualizer input10.txt
java_class_path (initial): D:\Git\kdtree;D:\Git\kdtree\.lift\algs4.jar
Launcher Type: SUN_STANDARD

[Global flags]
     intx CICompilerCount                          = 4                                         {product} {ergonomic}
     uint ConcGCThreads                            = 2                                         {product} {ergonomic}
     uint G1ConcRefinementThreads                  = 8                                         {product} {ergonomic}
   size_t G1HeapRegionSize                         = 1048576                                   {product} {ergonomic}
    uintx GCDrainStackTargetSize                   = 64                                        {product} {ergonomic}
   size_t InitialHeapSize                          = 132120576                                 {product} {ergonomic}
   size_t MarkStackSize                            = 4194304                                   {product} {ergonomic}
   size_t MaxHeapSize                              = 2095054848                                {product} {ergonomic}
   size_t MinHeapDeltaBytes                        = 1048576                                   {product} {ergonomic}
   size_t MinHeapSize                              = 8388608                                   {product} {ergonomic}
    uintx NonNMethodCodeHeapSize                   = 5839372                                {pd product} {ergonomic}
    uintx NonProfiledCodeHeapSize                  = 122909434                              {pd product} {ergonomic}
    uintx ProfiledCodeHeapSize                     = 122909434                              {pd product} {ergonomic}
    uintx ReservedCodeCacheSize                    = 251658240                              {pd product} {ergonomic}
     bool SegmentedCodeCache                       = true                                      {product} {ergonomic}
   size_t SoftMaxHeapSize                          = 2095054848                             {manageable} {ergonomic}
     bool UseCompressedClassPointers               = true                           {product lp64_product} {ergonomic}
     bool UseCompressedOops                        = true                           {product lp64_product} {ergonomic}
     bool UseG1GC                                  = true                                      {product} {ergonomic}
     bool UseLargePagesIndividualAllocation        = false                                  {pd product} {ergonomic}

Logging:
Log output configuration:
 #0: stdout all=warning uptime,level,tags foldmultilines=false
 #1: stderr all=off uptime,level,tags foldmultilines=false

Environment Variables:
PATH=C:\WINDOWS\system32;C:\WINDOWS;C:\WINDOWS\System32\Wbem;C:\WINDOWS\System32\WindowsPowerShell\v1.0\;C:\WINDOWS\System32\OpenSSH\;C:\Program Files\Git\cmd;C:\Program Files\Docker\Docker\resources\bin;C:\ProgramData\DockerDesktop\version-bin;;C:\Program Files\nodejs\;C:\Program Files\Cloudflare\Cloudflare WARP\;C:\Users\moham\AppData\Local\Programs\Python\Python311\Scripts\;C:\Users\moham\AppData\Local\Programs\Python\Python311\;C:\Users\moham\AppData\Local\Microsoft\WindowsApps;C:\Users\moham\AppData\Local\Programs\Microsoft VS Code\bin;C:\Users\moham\AppData\Local\GitHubDesktop\bin;C:\Users\moham\AppData\Roaming\npm;C:\Program Files\JetBrains\IntelliJ IDEA Community Edition 2022.3.2\bin;
USERNAME=moham
OS=Windows_NT
PROCESSOR_IDENTIFIER=Intel64 Family 6 Model 142 Stepping 12, GenuineIntel
TMP=C:\Users\moham\AppData\Local\Temp
TEMP=C:\Users\moham\AppData\Local\Temp



---------------  S Y S T E M  ---------------

OS:
 Windows 11 , 64 bit Build 22621 (10.0.22621.1194)
OS uptime: 3 days 4:58 hours
Hyper-V role detected

CPU: total 8 (initial active 8) (4 cores per cpu, 2 threads per core) family 6 model 142 stepping 12 microcode 0xea, cx8, cmov, fxsr, ht, mmx, 3dnowpref, sse, sse2, sse3, ssse3, sse4.1, sse4.2, popcnt, lzcnt, tsc, tscinvbit, avx, avx2, aes, erms, clmul, bmi1, bmi2, adx, fma, vzeroupper, clflush, clflushopt, hv, rdtscp

Memory: 4k page, system-wide physical 7988M (1047M free)
TotalPageFile size 31439M (AvailPageFile size 17M)
current process WorkingSet (physical memory assigned to process): 11M, peak: 11M
current process commit charge ("private bytes"): 60M, peak: 186M

vm_info: OpenJDK 64-Bit Server VM (19.0.2+7-44) for windows-amd64 JRE (19.0.2+7-44), built on 2022-11-30T18:02:09Z by "mach5one" with MS VC++ 17.1 (VS2022)

END.
