#
# There is insufficient memory for the Java Runtime Environment to continue.
# Native memory allocation (malloc) failed to allocate 557056 bytes for Chunk::new
# Possible reasons:
#   The system is out of physical RAM or swap space
#   The process is running with CompressedOops enabled, and the Java Heap may be blocking the growth of the native heap
# Possible solutions:
#   Reduce memory load on the system
#   Increase physical memory or swap space
#   Check if swap backing store is full
#   Decrease Java heap size (-Xmx/-Xms)
#   Decrease number of Java threads
#   Decrease Java thread stack sizes (-Xss)
#   Set larger code cache with -XX:ReservedCodeCacheSize=
#   JVM is running with Unscaled Compressed Oops mode in which the Java heap is
#     placed in the first 4GB address space. The Java Heap base address is the
#     maximum limit for the native heap growth. Please use -XX:HeapBaseMinAddress
#     to set the Java Heap base and to place the Java Heap above 4GB virtual address.
# This output file may be truncated or incomplete.
#
#  Out of Memory Error (arena.cpp:184), pid=1980, tid=6588
#
# JRE version: OpenJDK Runtime Environment (19.0.2+7) (build 19.0.2+7-44)
# Java VM: OpenJDK 64-Bit Server VM (19.0.2+7-44, mixed mode, sharing, tiered, compressed oops, compressed class ptrs, g1 gc, windows-amd64)
# No core dump will be written. Minidumps are not enabled by default on client versions of Windows
#

---------------  S U M M A R Y ------------

Command Line: -javaagent:C:\Program Files\JetBrains\IntelliJ IDEA Community Edition 2022.3.2\lib\idea_rt.jar=49393:C:\Program Files\JetBrains\IntelliJ IDEA Community Edition 2022.3.2\bin -Dfile.encoding=UTF-8 -Dsun.stdout.encoding=UTF-8 -Dsun.stderr.encoding=UTF-8 KdTreeVisualizer

Host: Intel(R) Core(TM) i5-10210U CPU @ 1.60GHz, 8 cores, 7G,  Windows 11 , 64 bit Build 22621 (10.0.22621.1194)
Time: Fri Mar 10 15:59:42 2023 Egypt Standard Time elapsed time: 1.829619 seconds (0d 0h 0m 1s)

---------------  T H R E A D  ---------------

Current thread (0x000001786c3734d0):  JavaThread "C2 CompilerThread0" daemon [_thread_in_native, id=6588, stack(0x0000006dcc700000,0x0000006dcc800000)]


Current CompileTask:
C2:   1829  945 %     4       sun.java2d.marlin.Renderer::_endRendering @ 784 (2480 bytes)

Stack: [0x0000006dcc700000,0x0000006dcc800000]
Native frames: (J=compiled Java code, j=interpreted, Vv=VM code, C=native code)
V  [jvm.dll+0x6ee21a]
V  [jvm.dll+0x85765e]
V  [jvm.dll+0x85904e]
V  [jvm.dll+0x859703]
V  [jvm.dll+0x28298f]
V  [jvm.dll+0xc9adf]
V  [jvm.dll+0xc9e65]
V  [jvm.dll+0x3bca4c]
V  [jvm.dll+0x1ee0aa]
V  [jvm.dll+0x24c52b]
V  [jvm.dll+0x24b781]
V  [jvm.dll+0x1d6ce1]
V  [jvm.dll+0x25b25a]
V  [jvm.dll+0x2596e8]
V  [jvm.dll+0x807588]
V  [jvm.dll+0x80125a]
V  [jvm.dll+0x6ecf0b]
C  [ucrtbase.dll+0x29363]
C  [KERNEL32.DLL+0x126bd]
C  [ntdll.dll+0x5dfb8]


---------------  P R O C E S S  ---------------

Threads class SMR info:
_java_thread_list=0x00000178714bf0c0, length=17, elements={
0x000001784dc6fbc0, 0x000001786c365db0, 0x000001786c3667e0, 0x000001786c36d7e0,
0x000001786c36e110, 0x000001786c36ed80, 0x000001786c3706c0, 0x000001786c3734d0,
0x000001786c37bff0, 0x000001786c384580, 0x000001786c381060, 0x000001786c3825a0,
0x000001786c382050, 0x000001786c382af0, 0x000001786c384030, 0x000001786c383ae0,
0x000001786c383040
}

Java Threads: ( => current thread )
  0x000001784dc6fbc0 JavaThread "main" [_thread_blocked, id=15508, stack(0x0000006dcba00000,0x0000006dcbb00000)]
  0x000001786c365db0 JavaThread "Reference Handler" daemon [_thread_blocked, id=8188, stack(0x0000006dcc100000,0x0000006dcc200000)]
  0x000001786c3667e0 JavaThread "Finalizer" daemon [_thread_blocked, id=17288, stack(0x0000006dcc200000,0x0000006dcc300000)]
  0x000001786c36d7e0 JavaThread "Signal Dispatcher" daemon [_thread_blocked, id=11520, stack(0x0000006dcc300000,0x0000006dcc400000)]
  0x000001786c36e110 JavaThread "Attach Listener" daemon [_thread_blocked, id=11732, stack(0x0000006dcc400000,0x0000006dcc500000)]
  0x000001786c36ed80 JavaThread "Service Thread" daemon [_thread_blocked, id=14408, stack(0x0000006dcc500000,0x0000006dcc600000)]
  0x000001786c3706c0 JavaThread "Monitor Deflation Thread" daemon [_thread_blocked, id=12592, stack(0x0000006dcc600000,0x0000006dcc700000)]
=>0x000001786c3734d0 JavaThread "C2 CompilerThread0" daemon [_thread_in_native, id=6588, stack(0x0000006dcc700000,0x0000006dcc800000)]
  0x000001786c37bff0 JavaThread "C1 CompilerThread0" daemon [_thread_blocked, id=19492, stack(0x0000006dcc800000,0x0000006dcc900000)]
  0x000001786c384580 JavaThread "Sweeper thread" daemon [_thread_blocked, id=8108, stack(0x0000006dcc900000,0x0000006dcca00000)]
  0x000001786c381060 JavaThread "Common-Cleaner" daemon [_thread_blocked, id=2696, stack(0x0000006dcca00000,0x0000006dccb00000)]
  0x000001786c3825a0 JavaThread "Monitor Ctrl-Break" daemon [_thread_in_native, id=9268, stack(0x0000006dccb00000,0x0000006dccc00000)]
  0x000001786c382050 JavaThread "Notification Thread" daemon [_thread_blocked, id=7716, stack(0x0000006dccc00000,0x0000006dccd00000)]
  0x000001786c382af0 JavaThread "Java2D Disposer" daemon [_thread_blocked, id=3124, stack(0x0000006dcce00000,0x0000006dccf00000)]
  0x000001786c384030 JavaThread "AWT-Shutdown" [_thread_blocked, id=8416, stack(0x0000006dccf00000,0x0000006dcd000000)]
  0x000001786c383ae0 JavaThread "AWT-Windows" daemon [_thread_in_native, id=15788, stack(0x0000006dcd000000,0x0000006dcd100000)]
  0x000001786c383040 JavaThread "AWT-EventQueue-0" [_thread_blocked, id=20432, stack(0x0000006dcd100000,0x0000006dcd200000)]

Other Threads:
  0x000001786c34a8a0 VMThread "VM Thread" [stack: 0x0000006dcc000000,0x0000006dcc100000] [id=13544]
  0x000001787074a770 WatcherThread "VM Periodic Task Thread" [stack: 0x0000006dccd00000,0x0000006dcce00000] [id=9756]
  0x000001784bc6b810 WorkerThread "GC Thread#0" [stack: 0x0000006dcbb00000,0x0000006dcbc00000] [id=14100]
  0x000001784dcddc70 ConcurrentGCThread "G1 Main Marker" [stack: 0x0000006dcbc00000,0x0000006dcbd00000] [id=5600]
  0x000001784bc6e1f0 WorkerThread "G1 Conc#0" [stack: 0x0000006dcbd00000,0x0000006dcbe00000] [id=15408]
  0x000001786c204160 ConcurrentGCThread "G1 Refine#0" [stack: 0x0000006dcbe00000,0x0000006dcbf00000] [id=9968]
  0x000001786c205a60 ConcurrentGCThread "G1 Service" [stack: 0x0000006dcbf00000,0x0000006dcc000000] [id=16828]

Threads with active compile tasks:
C2 CompilerThread0     1862  945 %     4       sun.java2d.marlin.Renderer::_endRendering @ 784 (2480 bytes)

VM state: not at safepoint (normal execution)

VM Mutex/Monitor currently owned by a thread: None

Heap address: 0x0000000083200000, size: 1998 MB, Compressed Oops mode: 32-bit

CDS archive(s) mapped at: [0x0000000800000000-0x0000000800c40000-0x0000000800c40000), size 12845056, SharedBaseAddress: 0x0000000800000000, ArchiveRelocationMode: 0.
Compressed class space mapped at: 0x0000000801000000-0x0000000841000000, reserved size: 1073741824
Narrow klass base: 0x0000000800000000, Narrow klass shift: 0, Narrow klass range: 0x100000000

GC Precious Log:
 CardTable entry size: 512
 Card Set container configuration: InlinePtr #cards 5 size 8 Array Of Cards #cards 12 size 40 Howl #buckets 4 coarsen threshold 1843 Howl Bitmap #cards 512 size 80 coarsen threshold 460 Card regions per heap region 1 cards per card region 2048
 CPUs: 8 total, 8 available
 Memory: 7988M
 Large Page Support: Disabled
 NUMA Support: Disabled
 Compressed Oops: Enabled (32-bit)
 Heap Region Size: 1M
 Heap Min Capacity: 8M
 Heap Initial Capacity: 126M
 Heap Max Capacity: 1998M
 Pre-touch: Disabled
 Parallel Workers: 8
 Concurrent Workers: 2
 Concurrent Refinement Workers: 8
 Periodic GC: Disabled

Heap:
 garbage-first heap   total 129024K, used 22528K [0x0000000083200000, 0x0000000100000000)
  region size 1024K, 11 young (11264K), 0 survivors (0K)
 Metaspace       used 8263K, committed 8448K, reserved 1114112K
  class space    used 863K, committed 960K, reserved 1048576K

Heap Regions: E=young(eden), S=young(survivor), O=old, HS=humongous(starts), HC=humongous(continues), CS=collection set, F=free, OA=open archive, CA=closed archive, TAMS=top-at-mark-start (previous, next)
|   0|0x0000000083200000, 0x0000000083300000, 0x0000000083300000|100%|HS|  |TAMS 0x0000000083200000, 0x0000000083200000| Complete 
|   1|0x0000000083300000, 0x0000000083400000, 0x0000000083400000|100%|HC|  |TAMS 0x0000000083300000, 0x0000000083300000| Complete 
|   2|0x0000000083400000, 0x0000000083500000, 0x0000000083500000|100%|HC|  |TAMS 0x0000000083400000, 0x0000000083400000| Complete 
|   3|0x0000000083500000, 0x0000000083600000, 0x0000000083600000|100%|HC|  |TAMS 0x0000000083500000, 0x0000000083500000| Complete 
|   4|0x0000000083600000, 0x0000000083700000, 0x0000000083700000|100%|HC|  |TAMS 0x0000000083600000, 0x0000000083600000| Complete 
|   5|0x0000000083700000, 0x0000000083800000, 0x0000000083800000|100%|HS|  |TAMS 0x0000000083700000, 0x0000000083700000| Complete 
|   6|0x0000000083800000, 0x0000000083900000, 0x0000000083900000|100%|HC|  |TAMS 0x0000000083800000, 0x0000000083800000| Complete 
|   7|0x0000000083900000, 0x0000000083a00000, 0x0000000083a00000|100%|HC|  |TAMS 0x0000000083900000, 0x0000000083900000| Complete 
|   8|0x0000000083a00000, 0x0000000083b00000, 0x0000000083b00000|100%|HC|  |TAMS 0x0000000083a00000, 0x0000000083a00000| Complete 
|   9|0x0000000083b00000, 0x0000000083c00000, 0x0000000083c00000|100%|HC|  |TAMS 0x0000000083b00000, 0x0000000083b00000| Complete 
|  10|0x0000000083c00000, 0x0000000083d00000, 0x0000000083d00000|100%|HS|  |TAMS 0x0000000083c00000, 0x0000000083c00000| Complete 
|  11|0x0000000083d00000, 0x0000000083e00000, 0x0000000083e00000|100%|HC|  |TAMS 0x0000000083d00000, 0x0000000083d00000| Complete 
|  12|0x0000000083e00000, 0x0000000083e00000, 0x0000000083f00000|  0%| F|  |TAMS 0x0000000083e00000, 0x0000000083e00000| Untracked 
|  13|0x0000000083f00000, 0x0000000083f00000, 0x0000000084000000|  0%| F|  |TAMS 0x0000000083f00000, 0x0000000083f00000| Untracked 
|  14|0x0000000084000000, 0x0000000084000000, 0x0000000084100000|  0%| F|  |TAMS 0x0000000084000000, 0x0000000084000000| Untracked 
|  15|0x0000000084100000, 0x0000000084100000, 0x0000000084200000|  0%| F|  |TAMS 0x0000000084100000, 0x0000000084100000| Untracked 
|  16|0x0000000084200000, 0x0000000084200000, 0x0000000084300000|  0%| F|  |TAMS 0x0000000084200000, 0x0000000084200000| Untracked 
|  17|0x0000000084300000, 0x0000000084300000, 0x0000000084400000|  0%| F|  |TAMS 0x0000000084300000, 0x0000000084300000| Untracked 
|  18|0x0000000084400000, 0x0000000084400000, 0x0000000084500000|  0%| F|  |TAMS 0x0000000084400000, 0x0000000084400000| Untracked 
|  19|0x0000000084500000, 0x0000000084500000, 0x0000000084600000|  0%| F|  |TAMS 0x0000000084500000, 0x0000000084500000| Untracked 
|  20|0x0000000084600000, 0x0000000084600000, 0x0000000084700000|  0%| F|  |TAMS 0x0000000084600000, 0x0000000084600000| Untracked 
|  21|0x0000000084700000, 0x0000000084700000, 0x0000000084800000|  0%| F|  |TAMS 0x0000000084700000, 0x0000000084700000| Untracked 
|  22|0x0000000084800000, 0x0000000084800000, 0x0000000084900000|  0%| F|  |TAMS 0x0000000084800000, 0x0000000084800000| Untracked 
|  23|0x0000000084900000, 0x0000000084900000, 0x0000000084a00000|  0%| F|  |TAMS 0x0000000084900000, 0x0000000084900000| Untracked 
|  24|0x0000000084a00000, 0x0000000084a00000, 0x0000000084b00000|  0%| F|  |TAMS 0x0000000084a00000, 0x0000000084a00000| Untracked 
|  25|0x0000000084b00000, 0x0000000084b00000, 0x0000000084c00000|  0%| F|  |TAMS 0x0000000084b00000, 0x0000000084b00000| Untracked 
|  26|0x0000000084c00000, 0x0000000084c00000, 0x0000000084d00000|  0%| F|  |TAMS 0x0000000084c00000, 0x0000000084c00000| Untracked 
|  27|0x0000000084d00000, 0x0000000084d00000, 0x0000000084e00000|  0%| F|  |TAMS 0x0000000084d00000, 0x0000000084d00000| Untracked 
|  28|0x0000000084e00000, 0x0000000084e00000, 0x0000000084f00000|  0%| F|  |TAMS 0x0000000084e00000, 0x0000000084e00000| Untracked 
|  29|0x0000000084f00000, 0x0000000084f00000, 0x0000000085000000|  0%| F|  |TAMS 0x0000000084f00000, 0x0000000084f00000| Untracked 
|  30|0x0000000085000000, 0x0000000085000000, 0x0000000085100000|  0%| F|  |TAMS 0x0000000085000000, 0x0000000085000000| Untracked 
|  31|0x0000000085100000, 0x0000000085100000, 0x0000000085200000|  0%| F|  |TAMS 0x0000000085100000, 0x0000000085100000| Untracked 
|  32|0x0000000085200000, 0x0000000085200000, 0x0000000085300000|  0%| F|  |TAMS 0x0000000085200000, 0x0000000085200000| Untracked 
|  33|0x0000000085300000, 0x0000000085300000, 0x0000000085400000|  0%| F|  |TAMS 0x0000000085300000, 0x0000000085300000| Untracked 
|  34|0x0000000085400000, 0x0000000085400000, 0x0000000085500000|  0%| F|  |TAMS 0x0000000085400000, 0x0000000085400000| Untracked 
|  35|0x0000000085500000, 0x0000000085500000, 0x0000000085600000|  0%| F|  |TAMS 0x0000000085500000, 0x0000000085500000| Untracked 
|  36|0x0000000085600000, 0x0000000085600000, 0x0000000085700000|  0%| F|  |TAMS 0x0000000085600000, 0x0000000085600000| Untracked 
|  37|0x0000000085700000, 0x0000000085700000, 0x0000000085800000|  0%| F|  |TAMS 0x0000000085700000, 0x0000000085700000| Untracked 
|  38|0x0000000085800000, 0x0000000085800000, 0x0000000085900000|  0%| F|  |TAMS 0x0000000085800000, 0x0000000085800000| Untracked 
|  39|0x0000000085900000, 0x0000000085900000, 0x0000000085a00000|  0%| F|  |TAMS 0x0000000085900000, 0x0000000085900000| Untracked 
|  40|0x0000000085a00000, 0x0000000085a00000, 0x0000000085b00000|  0%| F|  |TAMS 0x0000000085a00000, 0x0000000085a00000| Untracked 
|  41|0x0000000085b00000, 0x0000000085b00000, 0x0000000085c00000|  0%| F|  |TAMS 0x0000000085b00000, 0x0000000085b00000| Untracked 
|  42|0x0000000085c00000, 0x0000000085c00000, 0x0000000085d00000|  0%| F|  |TAMS 0x0000000085c00000, 0x0000000085c00000| Untracked 
|  43|0x0000000085d00000, 0x0000000085d00000, 0x0000000085e00000|  0%| F|  |TAMS 0x0000000085d00000, 0x0000000085d00000| Untracked 
|  44|0x0000000085e00000, 0x0000000085e00000, 0x0000000085f00000|  0%| F|  |TAMS 0x0000000085e00000, 0x0000000085e00000| Untracked 
|  45|0x0000000085f00000, 0x0000000085f00000, 0x0000000086000000|  0%| F|  |TAMS 0x0000000085f00000, 0x0000000085f00000| Untracked 
|  46|0x0000000086000000, 0x0000000086000000, 0x0000000086100000|  0%| F|  |TAMS 0x0000000086000000, 0x0000000086000000| Untracked 
|  47|0x0000000086100000, 0x0000000086100000, 0x0000000086200000|  0%| F|  |TAMS 0x0000000086100000, 0x0000000086100000| Untracked 
|  48|0x0000000086200000, 0x0000000086200000, 0x0000000086300000|  0%| F|  |TAMS 0x0000000086200000, 0x0000000086200000| Untracked 
|  49|0x0000000086300000, 0x0000000086300000, 0x0000000086400000|  0%| F|  |TAMS 0x0000000086300000, 0x0000000086300000| Untracked 
|  50|0x0000000086400000, 0x0000000086400000, 0x0000000086500000|  0%| F|  |TAMS 0x0000000086400000, 0x0000000086400000| Untracked 
|  51|0x0000000086500000, 0x0000000086500000, 0x0000000086600000|  0%| F|  |TAMS 0x0000000086500000, 0x0000000086500000| Untracked 
|  52|0x0000000086600000, 0x0000000086600000, 0x0000000086700000|  0%| F|  |TAMS 0x0000000086600000, 0x0000000086600000| Untracked 
|  53|0x0000000086700000, 0x0000000086700000, 0x0000000086800000|  0%| F|  |TAMS 0x0000000086700000, 0x0000000086700000| Untracked 
|  54|0x0000000086800000, 0x0000000086800000, 0x0000000086900000|  0%| F|  |TAMS 0x0000000086800000, 0x0000000086800000| Untracked 
|  55|0x0000000086900000, 0x0000000086900000, 0x0000000086a00000|  0%| F|  |TAMS 0x0000000086900000, 0x0000000086900000| Untracked 
|  56|0x0000000086a00000, 0x0000000086a00000, 0x0000000086b00000|  0%| F|  |TAMS 0x0000000086a00000, 0x0000000086a00000| Untracked 
|  57|0x0000000086b00000, 0x0000000086b00000, 0x0000000086c00000|  0%| F|  |TAMS 0x0000000086b00000, 0x0000000086b00000| Untracked 
|  58|0x0000000086c00000, 0x0000000086c00000, 0x0000000086d00000|  0%| F|  |TAMS 0x0000000086c00000, 0x0000000086c00000| Untracked 
|  59|0x0000000086d00000, 0x0000000086d00000, 0x0000000086e00000|  0%| F|  |TAMS 0x0000000086d00000, 0x0000000086d00000| Untracked 
|  60|0x0000000086e00000, 0x0000000086e00000, 0x0000000086f00000|  0%| F|  |TAMS 0x0000000086e00000, 0x0000000086e00000| Untracked 
|  61|0x0000000086f00000, 0x0000000086f00000, 0x0000000087000000|  0%| F|  |TAMS 0x0000000086f00000, 0x0000000086f00000| Untracked 
|  62|0x0000000087000000, 0x0000000087000000, 0x0000000087100000|  0%| F|  |TAMS 0x0000000087000000, 0x0000000087000000| Untracked 
|  63|0x0000000087100000, 0x0000000087100000, 0x0000000087200000|  0%| F|  |TAMS 0x0000000087100000, 0x0000000087100000| Untracked 
|  64|0x0000000087200000, 0x0000000087200000, 0x0000000087300000|  0%| F|  |TAMS 0x0000000087200000, 0x0000000087200000| Untracked 
|  65|0x0000000087300000, 0x0000000087300000, 0x0000000087400000|  0%| F|  |TAMS 0x0000000087300000, 0x0000000087300000| Untracked 
|  66|0x0000000087400000, 0x0000000087400000, 0x0000000087500000|  0%| F|  |TAMS 0x0000000087400000, 0x0000000087400000| Untracked 
|  67|0x0000000087500000, 0x0000000087500000, 0x0000000087600000|  0%| F|  |TAMS 0x0000000087500000, 0x0000000087500000| Untracked 
|  68|0x0000000087600000, 0x0000000087600000, 0x0000000087700000|  0%| F|  |TAMS 0x0000000087600000, 0x0000000087600000| Untracked 
|  69|0x0000000087700000, 0x0000000087700000, 0x0000000087800000|  0%| F|  |TAMS 0x0000000087700000, 0x0000000087700000| Untracked 
|  70|0x0000000087800000, 0x0000000087800000, 0x0000000087900000|  0%| F|  |TAMS 0x0000000087800000, 0x0000000087800000| Untracked 
|  71|0x0000000087900000, 0x0000000087900000, 0x0000000087a00000|  0%| F|  |TAMS 0x0000000087900000, 0x0000000087900000| Untracked 
|  72|0x0000000087a00000, 0x0000000087a00000, 0x0000000087b00000|  0%| F|  |TAMS 0x0000000087a00000, 0x0000000087a00000| Untracked 
|  73|0x0000000087b00000, 0x0000000087b00000, 0x0000000087c00000|  0%| F|  |TAMS 0x0000000087b00000, 0x0000000087b00000| Untracked 
|  74|0x0000000087c00000, 0x0000000087c00000, 0x0000000087d00000|  0%| F|  |TAMS 0x0000000087c00000, 0x0000000087c00000| Untracked 
|  75|0x0000000087d00000, 0x0000000087d00000, 0x0000000087e00000|  0%| F|  |TAMS 0x0000000087d00000, 0x0000000087d00000| Untracked 
|  76|0x0000000087e00000, 0x0000000087e00000, 0x0000000087f00000|  0%| F|  |TAMS 0x0000000087e00000, 0x0000000087e00000| Untracked 
|  77|0x0000000087f00000, 0x0000000087f00000, 0x0000000088000000|  0%| F|  |TAMS 0x0000000087f00000, 0x0000000087f00000| Untracked 
|  78|0x0000000088000000, 0x0000000088000000, 0x0000000088100000|  0%| F|  |TAMS 0x0000000088000000, 0x0000000088000000| Untracked 
|  79|0x0000000088100000, 0x0000000088100000, 0x0000000088200000|  0%| F|  |TAMS 0x0000000088100000, 0x0000000088100000| Untracked 
|  80|0x0000000088200000, 0x0000000088200000, 0x0000000088300000|  0%| F|  |TAMS 0x0000000088200000, 0x0000000088200000| Untracked 
|  81|0x0000000088300000, 0x0000000088300000, 0x0000000088400000|  0%| F|  |TAMS 0x0000000088300000, 0x0000000088300000| Untracked 
|  82|0x0000000088400000, 0x0000000088400000, 0x0000000088500000|  0%| F|  |TAMS 0x0000000088400000, 0x0000000088400000| Untracked 
|  83|0x0000000088500000, 0x0000000088500000, 0x0000000088600000|  0%| F|  |TAMS 0x0000000088500000, 0x0000000088500000| Untracked 
|  84|0x0000000088600000, 0x0000000088600000, 0x0000000088700000|  0%| F|  |TAMS 0x0000000088600000, 0x0000000088600000| Untracked 
|  85|0x0000000088700000, 0x0000000088700000, 0x0000000088800000|  0%| F|  |TAMS 0x0000000088700000, 0x0000000088700000| Untracked 
|  86|0x0000000088800000, 0x0000000088800000, 0x0000000088900000|  0%| F|  |TAMS 0x0000000088800000, 0x0000000088800000| Untracked 
|  87|0x0000000088900000, 0x0000000088900000, 0x0000000088a00000|  0%| F|  |TAMS 0x0000000088900000, 0x0000000088900000| Untracked 
|  88|0x0000000088a00000, 0x0000000088a00000, 0x0000000088b00000|  0%| F|  |TAMS 0x0000000088a00000, 0x0000000088a00000| Untracked 
|  89|0x0000000088b00000, 0x0000000088b00000, 0x0000000088c00000|  0%| F|  |TAMS 0x0000000088b00000, 0x0000000088b00000| Untracked 
|  90|0x0000000088c00000, 0x0000000088c00000, 0x0000000088d00000|  0%| F|  |TAMS 0x0000000088c00000, 0x0000000088c00000| Untracked 
|  91|0x0000000088d00000, 0x0000000088d00000, 0x0000000088e00000|  0%| F|  |TAMS 0x0000000088d00000, 0x0000000088d00000| Untracked 
|  92|0x0000000088e00000, 0x0000000088e00000, 0x0000000088f00000|  0%| F|  |TAMS 0x0000000088e00000, 0x0000000088e00000| Untracked 
|  93|0x0000000088f00000, 0x0000000088f00000, 0x0000000089000000|  0%| F|  |TAMS 0x0000000088f00000, 0x0000000088f00000| Untracked 
|  94|0x0000000089000000, 0x0000000089000000, 0x0000000089100000|  0%| F|  |TAMS 0x0000000089000000, 0x0000000089000000| Untracked 
|  95|0x0000000089100000, 0x0000000089100000, 0x0000000089200000|  0%| F|  |TAMS 0x0000000089100000, 0x0000000089100000| Untracked 
|  96|0x0000000089200000, 0x0000000089200000, 0x0000000089300000|  0%| F|  |TAMS 0x0000000089200000, 0x0000000089200000| Untracked 
|  97|0x0000000089300000, 0x0000000089300000, 0x0000000089400000|  0%| F|  |TAMS 0x0000000089300000, 0x0000000089300000| Untracked 
|  98|0x0000000089400000, 0x0000000089400000, 0x0000000089500000|  0%| F|  |TAMS 0x0000000089400000, 0x0000000089400000| Untracked 
|  99|0x0000000089500000, 0x0000000089500000, 0x0000000089600000|  0%| F|  |TAMS 0x0000000089500000, 0x0000000089500000| Untracked 
| 100|0x0000000089600000, 0x0000000089600000, 0x0000000089700000|  0%| F|  |TAMS 0x0000000089600000, 0x0000000089600000| Untracked 
| 101|0x0000000089700000, 0x0000000089700000, 0x0000000089800000|  0%| F|  |TAMS 0x0000000089700000, 0x0000000089700000| Untracked 
| 102|0x0000000089800000, 0x0000000089800000, 0x0000000089900000|  0%| F|  |TAMS 0x0000000089800000, 0x0000000089800000| Untracked 
| 103|0x0000000089900000, 0x0000000089900000, 0x0000000089a00000|  0%| F|  |TAMS 0x0000000089900000, 0x0000000089900000| Untracked 
| 104|0x0000000089a00000, 0x0000000089a00000, 0x0000000089b00000|  0%| F|  |TAMS 0x0000000089a00000, 0x0000000089a00000| Untracked 
| 105|0x0000000089b00000, 0x0000000089b00000, 0x0000000089c00000|  0%| F|  |TAMS 0x0000000089b00000, 0x0000000089b00000| Untracked 
| 106|0x0000000089c00000, 0x0000000089c00000, 0x0000000089d00000|  0%| F|  |TAMS 0x0000000089c00000, 0x0000000089c00000| Untracked 
| 107|0x0000000089d00000, 0x0000000089d00000, 0x0000000089e00000|  0%| F|  |TAMS 0x0000000089d00000, 0x0000000089d00000| Untracked 
| 108|0x0000000089e00000, 0x0000000089e00000, 0x0000000089f00000|  0%| F|  |TAMS 0x0000000089e00000, 0x0000000089e00000| Untracked 
| 109|0x0000000089f00000, 0x0000000089f00000, 0x000000008a000000|  0%| F|  |TAMS 0x0000000089f00000, 0x0000000089f00000| Untracked 
| 110|0x000000008a000000, 0x000000008a000000, 0x000000008a100000|  0%| F|  |TAMS 0x000000008a000000, 0x000000008a000000| Untracked 
| 111|0x000000008a100000, 0x000000008a100000, 0x000000008a200000|  0%| F|  |TAMS 0x000000008a100000, 0x000000008a100000| Untracked 
| 112|0x000000008a200000, 0x000000008a200000, 0x000000008a300000|  0%| F|  |TAMS 0x000000008a200000, 0x000000008a200000| Untracked 
| 113|0x000000008a300000, 0x000000008a300000, 0x000000008a400000|  0%| F|  |TAMS 0x000000008a300000, 0x000000008a300000| Untracked 
| 114|0x000000008a400000, 0x000000008a400000, 0x000000008a500000|  0%| F|  |TAMS 0x000000008a400000, 0x000000008a400000| Untracked 
| 115|0x000000008a500000, 0x000000008a576448, 0x000000008a600000| 46%| E|  |TAMS 0x000000008a500000, 0x000000008a500000| Complete 
| 116|0x000000008a600000, 0x000000008a700000, 0x000000008a700000|100%| E|CS|TAMS 0x000000008a600000, 0x000000008a600000| Complete 
| 117|0x000000008a700000, 0x000000008a800000, 0x000000008a800000|100%| E|CS|TAMS 0x000000008a700000, 0x000000008a700000| Complete 
| 118|0x000000008a800000, 0x000000008a900000, 0x000000008a900000|100%| E|CS|TAMS 0x000000008a800000, 0x000000008a800000| Complete 
| 119|0x000000008a900000, 0x000000008aa00000, 0x000000008aa00000|100%| E|CS|TAMS 0x000000008a900000, 0x000000008a900000| Complete 
| 120|0x000000008aa00000, 0x000000008ab00000, 0x000000008ab00000|100%| E|CS|TAMS 0x000000008aa00000, 0x000000008aa00000| Complete 
| 121|0x000000008ab00000, 0x000000008ac00000, 0x000000008ac00000|100%| E|CS|TAMS 0x000000008ab00000, 0x000000008ab00000| Complete 
| 122|0x000000008ac00000, 0x000000008ad00000, 0x000000008ad00000|100%| E|CS|TAMS 0x000000008ac00000, 0x000000008ac00000| Complete 
| 123|0x000000008ad00000, 0x000000008ae00000, 0x000000008ae00000|100%| E|CS|TAMS 0x000000008ad00000, 0x000000008ad00000| Complete 
| 124|0x000000008ae00000, 0x000000008af00000, 0x000000008af00000|100%| E|CS|TAMS 0x000000008ae00000, 0x000000008ae00000| Complete 
| 125|0x000000008af00000, 0x000000008b000000, 0x000000008b000000|100%| E|CS|TAMS 0x000000008af00000, 0x000000008af00000| Complete 

Card table byte_map: [0x00000178652e0000,0x00000178656d0000] _byte_map_base: 0x0000017864ec7000

Marking Bits (Prev, Next): (CMBitMap*) 0x000001784bc6baf0, (CMBitMap*) 0x000001784bc6bb30
 Prev Bits: [0x0000017865ac0000, 0x00000178679f8000)
 Next Bits: [0x0000017867a00000, 0x0000017869938000)

Polling page: 0x000001784d430000

Metaspace:

Usage:
  Non-class:      7.23 MB used.
      Class:    863.52 KB used.
       Both:      8.07 MB used.

Virtual space:
  Non-class space:       64.00 MB reserved,       7.31 MB ( 11%) committed,  1 nodes.
      Class space:        1.00 GB reserved,     960.00 KB ( <1%) committed,  1 nodes.
             Both:        1.06 GB reserved,       8.25 MB ( <1%) committed. 

Chunk freelists:
   Non-Class:  464.00 KB
       Class:  3.10 MB
        Both:  3.55 MB

MaxMetaspaceSize: unlimited
CompressedClassSpaceSize: 1.00 GB
Initial GC threshold: 21.00 MB
Current GC threshold: 21.00 MB
CDS: on
MetaspaceReclaimPolicy: balanced
 - commit_granule_bytes: 65536.
 - commit_granule_words: 8192.
 - virtual_space_node_default_size: 8388608.
 - enlarge_chunks_in_place: 1.
 - new_chunks_are_fully_committed: 0.
 - uncommit_free_chunks: 1.
 - use_allocation_guard: 0.


Internal statistics:

num_allocs_failed_limit: 0.
num_arena_births: 162.
num_arena_deaths: 0.
num_vsnodes_births: 2.
num_vsnodes_deaths: 0.
num_space_committed: 132.
num_space_uncommitted: 0.
num_chunks_returned_to_freelist: 0.
num_chunks_taken_from_freelist: 189.
num_chunk_merges: 0.
num_chunk_splits: 127.
num_chunks_enlarged: 82.
num_inconsistent_stats: 0.

CodeHeap 'non-profiled nmethods': size=120000Kb used=300Kb max_used=300Kb free=119699Kb
 bounds [0x000001785d690000, 0x000001785d900000, 0x0000017864bc0000]
CodeHeap 'profiled nmethods': size=120000Kb used=1374Kb max_used=1374Kb free=118625Kb
 bounds [0x0000017855bc0000, 0x0000017855e30000, 0x000001785d0f0000]
CodeHeap 'non-nmethods': size=5760Kb used=1388Kb max_used=1404Kb free=4372Kb
 bounds [0x000001785d0f0000, 0x000001785d360000, 0x000001785d690000]
 total_blobs=1602 nmethods=960 adapters=553
 compilation: enabled
              stopped_count=0, restarted_count=0
 full_count=0

Compilation events (20 events):
Event: 1.808 Thread 0x000001786c37bff0  952       3       java.awt.RenderingHints$Key::hashCode (5 bytes)
Event: 1.808 Thread 0x000001786c37bff0 nmethod 952 0x0000017855d14610 code [0x0000017855d147c0, 0x0000017855d14908]
Event: 1.808 Thread 0x000001786c37bff0  951       3       java.util.LinkedList$ListItr::checkForComodification (23 bytes)
Event: 1.809 Thread 0x000001786c37bff0 nmethod 951 0x0000017855d14990 code [0x0000017855d14b40, 0x0000017855d14d08]
Event: 1.809 Thread 0x000001786c37bff0  953       3       java.awt.geom.AffineTransform::transform (635 bytes)
Event: 1.810 Thread 0x000001786c37bff0 nmethod 953 0x0000017855d14e10 code [0x0000017855d15100, 0x0000017855d163e8]
Event: 1.810 Thread 0x000001786c37bff0  955       3       sun.java2d.pipe.Region::clipRound (34 bytes)
Event: 1.810 Thread 0x000001786c37bff0 nmethod 955 0x0000017855d16d90 code [0x0000017855d16f80, 0x0000017855d17228]
Event: 1.810 Thread 0x000001786c37bff0  954       1       java.awt.image.SinglePixelPackedSampleModel::getNumDataElements (2 bytes)
Event: 1.810 Thread 0x000001786c37bff0 nmethod 954 0x000001785d6da010 code [0x000001785d6da1a0, 0x000001785d6da278]
Event: 1.810 Thread 0x000001786c37bff0  956       1       java.awt.image.ColorModel::getTransparency (5 bytes)
Event: 1.810 Thread 0x000001786c37bff0 nmethod 956 0x000001785d6da310 code [0x000001785d6da4a0, 0x000001785d6da558]
Event: 1.810 Thread 0x000001786c37bff0  959       1       java.awt.geom.Rectangle2D$Double::getX (5 bytes)
Event: 1.810 Thread 0x000001786c37bff0 nmethod 959 0x000001785d6da610 code [0x000001785d6da7a0, 0x000001785d6da878]
Event: 1.810 Thread 0x000001786c37bff0  960       1       java.awt.geom.Rectangle2D$Double::getY (5 bytes)
Event: 1.810 Thread 0x000001786c37bff0 nmethod 960 0x000001785d6da910 code [0x000001785d6daaa0, 0x000001785d6dab78]
Event: 1.810 Thread 0x000001786c37bff0  957       1       sun.awt.image.BufImgSurfaceData::getDefaultScaleX (5 bytes)
Event: 1.811 Thread 0x000001786c37bff0 nmethod 957 0x000001785d6dac10 code [0x000001785d6dada0, 0x000001785d6dae78]
Event: 1.811 Thread 0x000001786c37bff0  958       1       sun.awt.image.BufImgSurfaceData::getDefaultScaleY (5 bytes)
Event: 1.811 Thread 0x000001786c37bff0 nmethod 958 0x000001785d6daf10 code [0x000001785d6db0a0, 0x000001785d6db178]

GC Heap History (0 events):
No events

Dll operation events (13 events):
Event: 0.009 Loaded shared library C:\Users\moham\.jdks\openjdk-19.0.2\bin\java.dll
Event: 0.018 Loaded shared library C:\Users\moham\.jdks\openjdk-19.0.2\bin\jsvml.dll
Event: 0.078 Loaded shared library C:\Users\moham\.jdks\openjdk-19.0.2\bin\zip.dll
Event: 0.080 Loaded shared library C:\Users\moham\.jdks\openjdk-19.0.2\bin\instrument.dll
Event: 0.087 Loaded shared library C:\Users\moham\.jdks\openjdk-19.0.2\bin\net.dll
Event: 0.089 Loaded shared library C:\Users\moham\.jdks\openjdk-19.0.2\bin\nio.dll
Event: 0.094 Loaded shared library C:\Users\moham\.jdks\openjdk-19.0.2\bin\zip.dll
Event: 0.110 Loaded shared library C:\Program Files\JetBrains\IntelliJ IDEA Community Edition 2022.3.2\bin\breakgen64.dll
Event: 0.123 Loaded shared library C:\Users\moham\.jdks\openjdk-19.0.2\bin\extnet.dll
Event: 0.141 Loaded shared library C:\Users\moham\.jdks\openjdk-19.0.2\bin\jimage.dll
Event: 0.146 Loaded shared library C:\Users\moham\.jdks\openjdk-19.0.2\bin\awt.dll
Event: 0.468 Loaded shared library C:\Users\moham\.jdks\openjdk-19.0.2\bin\freetype.dll
Event: 0.470 Loaded shared library C:\Users\moham\.jdks\openjdk-19.0.2\bin\fontmanager.dll

Deoptimization events (20 events):
Event: 1.567 Thread 0x000001784dc6fbc0 Uncommon trap: trap_request=0xffffffde fr.pc=0x000001785d6c88b4 relative=0x00000000000002f4
Event: 1.567 Thread 0x000001784dc6fbc0 Uncommon trap: reason=class_check action=maybe_recompile pc=0x000001785d6c88b4 method=java.util.regex.Pattern$BmpCharPropertyGreedy.match(Ljava/util/regex/Matcher;ILjava/lang/CharSequence;)Z @ 26 c2
Event: 1.567 Thread 0x000001784dc6fbc0 DEOPT PACKING pc=0x000001785d6c88b4 sp=0x0000006dcbafeaa0
Event: 1.567 Thread 0x000001784dc6fbc0 DEOPT UNPACKING pc=0x000001785d156da3 sp=0x0000006dcbafea58 mode 2
Event: 1.568 Thread 0x000001784dc6fbc0 Uncommon trap: trap_request=0xffffffde fr.pc=0x000001785d6cbf30 relative=0x0000000000000650
Event: 1.568 Thread 0x000001784dc6fbc0 Uncommon trap: reason=class_check action=maybe_recompile pc=0x000001785d6cbf30 method=java.util.regex.Pattern$Start.match(Ljava/util/regex/Matcher;ILjava/lang/CharSequence;)Z @ 44 c2
Event: 1.568 Thread 0x000001784dc6fbc0 DEOPT PACKING pc=0x000001785d6cbf30 sp=0x0000006dcbaff340
Event: 1.568 Thread 0x000001784dc6fbc0 DEOPT UNPACKING pc=0x000001785d156da3 sp=0x0000006dcbaff2a0 mode 2
Event: 1.590 Thread 0x000001784dc6fbc0 Uncommon trap: trap_request=0xffffffde fr.pc=0x000001785d6cbf30 relative=0x0000000000000650
Event: 1.590 Thread 0x000001784dc6fbc0 Uncommon trap: reason=class_check action=maybe_recompile pc=0x000001785d6cbf30 method=java.util.regex.Pattern$Start.match(Ljava/util/regex/Matcher;ILjava/lang/CharSequence;)Z @ 44 c2
Event: 1.590 Thread 0x000001784dc6fbc0 DEOPT PACKING pc=0x000001785d6cbf30 sp=0x0000006dcbaff340
Event: 1.590 Thread 0x000001784dc6fbc0 DEOPT UNPACKING pc=0x000001785d156da3 sp=0x0000006dcbaff2a0 mode 2
Event: 1.590 Thread 0x000001784dc6fbc0 Uncommon trap: trap_request=0xffffffde fr.pc=0x000001785d6cbf30 relative=0x0000000000000650
Event: 1.590 Thread 0x000001784dc6fbc0 Uncommon trap: reason=class_check action=maybe_recompile pc=0x000001785d6cbf30 method=java.util.regex.Pattern$Start.match(Ljava/util/regex/Matcher;ILjava/lang/CharSequence;)Z @ 44 c2
Event: 1.590 Thread 0x000001784dc6fbc0 DEOPT PACKING pc=0x000001785d6cbf30 sp=0x0000006dcbaff340
Event: 1.590 Thread 0x000001784dc6fbc0 DEOPT UNPACKING pc=0x000001785d156da3 sp=0x0000006dcbaff2a0 mode 2
Event: 1.757 Thread 0x000001784dc6fbc0 DEOPT PACKING pc=0x0000017855cf0daa sp=0x0000006dcbaff080
Event: 1.757 Thread 0x000001784dc6fbc0 DEOPT UNPACKING pc=0x000001785d157543 sp=0x0000006dcbafe4e8 mode 0
Event: 1.757 Thread 0x000001784dc6fbc0 DEOPT PACKING pc=0x0000017855cf0842 sp=0x0000006dcbaff040
Event: 1.757 Thread 0x000001784dc6fbc0 DEOPT UNPACKING pc=0x000001785d157543 sp=0x0000006dcbafe4f0 mode 0

Classes loaded (20 events):
Event: 1.603 Loading class sun/java2d/marlin/DMarlinRenderingEngine$NormMode
Event: 1.603 Loading class sun/java2d/marlin/DMarlinRenderingEngine$NormMode done
Event: 1.603 Loading class sun/java2d/marlin/DMarlinRenderingEngine$NormMode$1
Event: 1.603 Loading class sun/java2d/marlin/DMarlinRenderingEngine$NormMode$1 done
Event: 1.603 Loading class sun/java2d/marlin/DMarlinRenderingEngine$NormMode$2
Event: 1.603 Loading class sun/java2d/marlin/DMarlinRenderingEngine$NormMode$2 done
Event: 1.603 Loading class sun/java2d/marlin/DMarlinRenderingEngine$NormMode$3
Event: 1.603 Loading class sun/java2d/marlin/DMarlinRenderingEngine$NormMode$3 done
Event: 1.603 Loading class java/awt/geom/EllipseIterator
Event: 1.603 Loading class java/awt/geom/EllipseIterator done
Event: 1.603 Loading class sun/java2d/marlin/Helpers
Event: 1.604 Loading class sun/java2d/marlin/Helpers done
Event: 1.604 Loading class sun/java2d/marlin/ArrayCacheConst
Event: 1.604 Loading class sun/java2d/marlin/ArrayCacheConst done
Event: 1.605 Loading class java/awt/geom/Line2D$Double
Event: 1.605 Loading class java/awt/geom/Line2D
Event: 1.606 Loading class java/awt/geom/Line2D done
Event: 1.606 Loading class java/awt/geom/Line2D$Double done
Event: 1.606 Loading class java/awt/geom/LineIterator
Event: 1.606 Loading class java/awt/geom/LineIterator done

Classes unloaded (0 events):
No events

Classes redefined (0 events):
No events

Internal exceptions (16 events):
Event: 0.099 Thread 0x000001784dc6fbc0 Exception <a 'java/lang/NoSuchMethodError'{0x000000008ad412f0}: 'void java.lang.invoke.DirectMethodHandle$Holder.invokeStatic(java.lang.Object, java.lang.Object, java.lang.Object)'> (0x000000008ad412f0) 
thrown [s\open\src\hotspot\share\interpreter\linkResolver.cpp, line 774]
Event: 0.105 Thread 0x000001784dc6fbc0 Exception <a 'java/lang/NoSuchMethodError'{0x000000008ad598e8}: 'java.lang.Object java.lang.invoke.Invokers$Holder.invokeExact_MT(java.lang.Object, java.lang.Object, java.lang.Object, java.lang.Object, java.lang.Object)'> (0x000000008ad598e8) 
thrown [s\open\src\hotspot\share\interpreter\linkResolver.cpp, line 774]
Event: 0.126 Thread 0x000001786c3825a0 Exception <a 'java/lang/NoSuchMethodError'{0x000000008ad7db58}: 'void java.lang.invoke.DirectMethodHandle$Holder.invokeStatic(java.lang.Object, java.lang.Object)'> (0x000000008ad7db58) 
thrown [s\open\src\hotspot\share\interpreter\linkResolver.cpp, line 774]
Event: 0.131 Thread 0x000001784dc6fbc0 Exception <a 'java/lang/ClassNotFoundException'{0x000000008adff2c8}: sun/awt/resources/spi/awtProvider> (0x000000008adff2c8) 
thrown [s\open\src\hotspot\share\classfile\systemDictionary.cpp, line 255]
Event: 0.160 Thread 0x000001784dc6fbc0 Exception <a 'java/io/FileNotFoundException'{0x000000008ac56700}> (0x000000008ac56700) 
thrown [s\open\src\hotspot\share\prims\jni.cpp, line 517]
Event: 0.169 Thread 0x000001784dc6fbc0 Exception <a 'java/io/FileNotFoundException'{0x000000008ac82c88}> (0x000000008ac82c88) 
thrown [s\open\src\hotspot\share\prims\jni.cpp, line 517]
Event: 0.234 Thread 0x000001784dc6fbc0 Exception <a 'java/lang/NoSuchMethodError'{0x000000008acc6a98}: 'java.lang.Object java.lang.invoke.DirectMethodHandle$Holder.invokeStaticInit(java.lang.Object)'> (0x000000008acc6a98) 
thrown [s\open\src\hotspot\share\interpreter\linkResolver.cpp, line 774]
Event: 0.316 Thread 0x000001784dc6fbc0 Exception <a 'java/lang/NoSuchMethodError'{0x000000008aa1b7c0}: 'void java.lang.invoke.DirectMethodHandle$Holder.invokeSpecial(java.lang.Object, java.lang.Object, java.lang.Object)'> (0x000000008aa1b7c0) 
thrown [s\open\src\hotspot\share\interpreter\linkResolver.cpp, line 774]
Event: 0.331 Thread 0x000001784dc6fbc0 Exception <a 'java/lang/NoSuchMethodError'{0x000000008aa46068}: 'java.lang.Object java.lang.invoke.DirectMethodHandle$Holder.newInvokeSpecial(java.lang.Object, java.lang.Object, java.lang.Object, java.lang.Object, java.lang.Object)'> (0x000000008aa46068) 
thrown [s\open\src\hotspot\share\interpreter\linkResolver.cpp, line 774]
Event: 0.341 Thread 0x000001784dc6fbc0 Exception <a 'java/lang/NoSuchMethodError'{0x000000008aa77798}: 'java.lang.Object java.lang.invoke.DirectMethodHandle$Holder.invokeStatic(java.lang.Object, int, java.lang.Object)'> (0x000000008aa77798) 
thrown [s\open\src\hotspot\share\interpreter\linkResolver.cpp, line 774]
Event: 0.371 Thread 0x000001784dc6fbc0 Exception <a 'java/lang/ClassNotFoundException'{0x000000008a933068}: com/sun/swing/internal/plaf/metal/resources/spi/metalProvider> (0x000000008a933068) 
thrown [s\open\src\hotspot\share\classfile\systemDictionary.cpp, line 255]
Event: 0.373 Thread 0x000001784dc6fbc0 Exception <a 'java/lang/ClassNotFoundException'{0x000000008a936fe8}: com/sun/swing/internal/plaf/basic/resources/spi/basicProvider> (0x000000008a936fe8) 
thrown [s\open\src\hotspot\share\classfile\systemDictionary.cpp, line 255]
Event: 0.388 Thread 0x000001784dc6fbc0 Exception <a 'java/lang/NoSuchMethodError'{0x000000008a953990}: 'int java.lang.invoke.Invokers$Holder.invokeExact_MT(java.lang.Object, java.lang.Object)'> (0x000000008a953990) 
thrown [s\open\src\hotspot\share\interpreter\linkResolver.cpp, line 774]
Event: 0.453 Thread 0x000001786c383ae0 Exception <a 'java/lang/NoSuchMethodError'{0x000000008ab857e8}: 'void java.lang.invoke.DirectMethodHandle$Holder.invokeVirtual(java.lang.Object, java.lang.Object)'> (0x000000008ab857e8) 
thrown [s\open\src\hotspot\share\interpreter\linkResolver.cpp, line 774]
Event: 0.463 Thread 0x000001784dc6fbc0 Exception <a 'java/lang/NoSuchMethodError'{0x000000008a98d420}: 'void java.lang.invoke.DirectMethodHandle$Holder.invokeStaticInit(java.lang.Object)'> (0x000000008a98d420) 
thrown [s\open\src\hotspot\share\interpreter\linkResolver.cpp, line 774]
Event: 1.143 Thread 0x000001786c36e110 Exception <a 'java/lang/NoSuchMethodError'{0x000000008a7e6ab0}: 'java.lang.Object java.lang.invoke.Invokers$Holder.invokeExact_MT(java.lang.Object, java.lang.Object, java.lang.Object, java.lang.Object, java.lang.Object, java.lang.Object)'> (0x000000008a7e6ab0) 
thrown [s\open\src\hotspot\share\interpreter\linkResolver.cpp, line 774]

VM Operations (12 events):
Event: 0.064 Executing VM operation: HandshakeAllThreads
Event: 0.064 Executing VM operation: HandshakeAllThreads done
Event: 0.113 Executing VM operation: HandshakeAllThreads
Event: 0.113 Executing VM operation: HandshakeAllThreads done
Event: 0.189 Executing VM operation: HandshakeAllThreads
Event: 0.189 Executing VM operation: HandshakeAllThreads done
Event: 0.400 Executing VM operation: HandshakeAllThreads
Event: 0.400 Executing VM operation: HandshakeAllThreads done
Event: 1.124 Executing VM operation: HandshakeAllThreads
Event: 1.124 Executing VM operation: HandshakeAllThreads done
Event: 1.124 Executing VM operation: Cleanup
Event: 1.125 Executing VM operation: Cleanup done

Events (19 events):
Event: 0.018 Thread 0x000001784dc6fbc0 Thread added: 0x000001784dc6fbc0
Event: 0.031 Thread 0x000001786c365db0 Thread added: 0x000001786c365db0
Event: 0.031 Thread 0x000001786c3667e0 Thread added: 0x000001786c3667e0
Event: 0.031 Thread 0x000001786c36d7e0 Thread added: 0x000001786c36d7e0
Event: 0.031 Thread 0x000001786c36e110 Thread added: 0x000001786c36e110
Event: 0.031 Thread 0x000001786c36ed80 Thread added: 0x000001786c36ed80
Event: 0.031 Thread 0x000001786c3706c0 Thread added: 0x000001786c3706c0
Event: 0.031 Thread 0x000001786c3734d0 Thread added: 0x000001786c3734d0
Event: 0.032 Thread 0x000001786c37bff0 Thread added: 0x000001786c37bff0
Event: 0.032 Thread 0x000001786c384580 Thread added: 0x000001786c384580
Event: 0.056 Thread 0x000001786c381060 Thread added: 0x000001786c381060
Event: 0.110 Thread 0x000001786c3825a0 Thread added: 0x000001786c3825a0
Event: 0.110 Thread 0x000001786c382050 Thread added: 0x000001786c382050
Event: 0.246 Thread 0x000001786c382af0 Thread added: 0x000001786c382af0
Event: 0.250 Thread 0x000001786c384030 Thread added: 0x000001786c384030
Event: 0.259 Thread 0x000001786c383ae0 Thread added: 0x000001786c383ae0
Event: 0.457 Thread 0x000001786c383040 Thread added: 0x000001786c383040
Event: 1.130 Thread 0x00000178714be660 Thread added: 0x00000178714be660
Event: 1.248 Thread 0x00000178714be660 Thread exited: 0x00000178714be660


Dynamic libraries:
0x00007ff7360d0000 - 0x00007ff7360de000 	C:\Users\moham\.jdks\openjdk-19.0.2\bin\java.exe
0x00007ffec33f0000 - 0x00007ffec3604000 	C:\WINDOWS\SYSTEM32\ntdll.dll
0x00007ffec21b0000 - 0x00007ffec2273000 	C:\WINDOWS\System32\KERNEL32.DLL
0x00007ffec0da0000 - 0x00007ffec113c000 	C:\WINDOWS\System32\KERNELBASE.dll
0x00007ffec08a0000 - 0x00007ffec09b1000 	C:\WINDOWS\System32\ucrtbase.dll
0x00007ffeb8ec0000 - 0x00007ffeb8ed7000 	C:\Users\moham\.jdks\openjdk-19.0.2\bin\jli.dll
0x00007ffeb8e00000 - 0x00007ffeb8e1b000 	C:\Users\moham\.jdks\openjdk-19.0.2\bin\VCRUNTIME140.dll
0x00007ffec1300000 - 0x00007ffec14ad000 	C:\WINDOWS\System32\USER32.dll
0x00007ffec0b80000 - 0x00007ffec0ba6000 	C:\WINDOWS\System32\win32u.dll
0x00007ffea73a0000 - 0x00007ffea762e000 	C:\WINDOWS\WinSxS\amd64_microsoft.windows.common-controls_6595b64144ccf1df_6.0.22621.608_none_a9444ca7c10bb01d\COMCTL32.dll
0x00007ffec1760000 - 0x00007ffec1807000 	C:\WINDOWS\System32\msvcrt.dll
0x00007ffec14b0000 - 0x00007ffec14d9000 	C:\WINDOWS\System32\GDI32.dll
0x00007ffec0a60000 - 0x00007ffec0b72000 	C:\WINDOWS\System32\gdi32full.dll
0x00007ffec09c0000 - 0x00007ffec0a5a000 	C:\WINDOWS\System32\msvcp_win.dll
0x00007ffec2b00000 - 0x00007ffec2b32000 	C:\WINDOWS\System32\IMM32.DLL
0x00007ffeb8eb0000 - 0x00007ffeb8ebc000 	C:\Users\moham\.jdks\openjdk-19.0.2\bin\vcruntime140_1.dll
0x00007ffeb6210000 - 0x00007ffeb629e000 	C:\Users\moham\.jdks\openjdk-19.0.2\bin\msvcp140.dll
0x00007ffe81500000 - 0x00007ffe821c0000 	C:\Users\moham\.jdks\openjdk-19.0.2\bin\server\jvm.dll
0x00007ffec2610000 - 0x00007ffec26be000 	C:\WINDOWS\System32\ADVAPI32.dll
0x00007ffec1570000 - 0x00007ffec1614000 	C:\WINDOWS\System32\sechost.dll
0x00007ffec2900000 - 0x00007ffec2a15000 	C:\WINDOWS\System32\RPCRT4.dll
0x00007ffeb7840000 - 0x00007ffeb7849000 	C:\WINDOWS\SYSTEM32\WSOCK32.dll
0x00007ffeb1b50000 - 0x00007ffeb1b5a000 	C:\WINDOWS\SYSTEM32\VERSION.dll
0x00007ffeb9d00000 - 0x00007ffeb9d34000 	C:\WINDOWS\SYSTEM32\WINMM.dll
0x00007ffec2a20000 - 0x00007ffec2a91000 	C:\WINDOWS\System32\WS2_32.dll
0x00007ffebf850000 - 0x00007ffebf868000 	C:\WINDOWS\SYSTEM32\kernel.appcore.dll
0x00007ffeb8e40000 - 0x00007ffeb8e4a000 	C:\Users\moham\.jdks\openjdk-19.0.2\bin\jimage.dll
0x00007ffeba920000 - 0x00007ffebab4e000 	C:\WINDOWS\SYSTEM32\DBGHELP.DLL
0x00007ffec2280000 - 0x00007ffec260a000 	C:\WINDOWS\System32\combase.dll
0x00007ffec1620000 - 0x00007ffec16f7000 	C:\WINDOWS\System32\OLEAUT32.dll
0x00007ffea1230000 - 0x00007ffea1262000 	C:\WINDOWS\SYSTEM32\dbgcore.DLL
0x00007ffec0bb0000 - 0x00007ffec0c2b000 	C:\WINDOWS\System32\bcryptPrimitives.dll
0x00007ffeb8ba0000 - 0x00007ffeb8bae000 	C:\Users\moham\.jdks\openjdk-19.0.2\bin\instrument.dll
0x00007ffeb6140000 - 0x00007ffeb6166000 	C:\Users\moham\.jdks\openjdk-19.0.2\bin\java.dll
0x00007ffeaba70000 - 0x00007ffeabb47000 	C:\Users\moham\.jdks\openjdk-19.0.2\bin\jsvml.dll
0x00007ffec2b40000 - 0x00007ffec332f000 	C:\WINDOWS\System32\SHELL32.dll
0x00007ffebe800000 - 0x00007ffebf0c8000 	C:\WINDOWS\SYSTEM32\windows.storage.dll
0x00007ffebe6c0000 - 0x00007ffebe7fe000 	C:\WINDOWS\SYSTEM32\wintypes.dll
0x00007ffec1810000 - 0x00007ffec1901000 	C:\WINDOWS\System32\SHCORE.dll
0x00007ffec2aa0000 - 0x00007ffec2afe000 	C:\WINDOWS\System32\shlwapi.dll
0x00007ffec0760000 - 0x00007ffec0781000 	C:\WINDOWS\SYSTEM32\profapi.dll
0x00007ffeb6410000 - 0x00007ffeb6428000 	C:\Users\moham\.jdks\openjdk-19.0.2\bin\zip.dll
0x00007ffeb77d0000 - 0x00007ffeb77e3000 	C:\Users\moham\.jdks\openjdk-19.0.2\bin\net.dll
0x00007ffeb96d0000 - 0x00007ffeb97ff000 	C:\WINDOWS\SYSTEM32\WINHTTP.dll
0x00007ffebfcf0000 - 0x00007ffebfd59000 	C:\WINDOWS\system32\mswsock.dll
0x00007ffeb63c0000 - 0x00007ffeb63d6000 	C:\Users\moham\.jdks\openjdk-19.0.2\bin\nio.dll
0x00007ffeb60c0000 - 0x00007ffeb60da000 	C:\Program Files\JetBrains\IntelliJ IDEA Community Edition 2022.3.2\bin\breakgen64.dll
0x00007ffeb67a0000 - 0x00007ffeb67a8000 	C:\Users\moham\.jdks\openjdk-19.0.2\bin\extnet.dll
0x00007ffe811c0000 - 0x00007ffe81350000 	C:\Users\moham\.jdks\openjdk-19.0.2\bin\awt.dll
0x00007ffeb9610000 - 0x00007ffeb96a7000 	C:\WINDOWS\SYSTEM32\apphelp.dll
0x00007ffeba3d0000 - 0x00007ffeba3fb000 	C:\WINDOWS\system32\DWMAPI.DLL
0x00007ffeb9ba0000 - 0x00007ffeb9c4b000 	C:\WINDOWS\system32\uxtheme.dll
0x00007ffe8e470000 - 0x00007ffe8e570000 	C:\WINDOWS\system32\opengl32.dll
0x00007ffe8e440000 - 0x00007ffe8e46d000 	C:\WINDOWS\SYSTEM32\GLU32.dll
0x00007ffeb9cc0000 - 0x00007ffeb9cf6000 	C:\WINDOWS\SYSTEM32\dxcore.dll
0x00007ffec26e0000 - 0x00007ffec27fe000 	C:\WINDOWS\System32\MSCTF.dll
0x00007ffec1af0000 - 0x00007ffec1c8c000 	C:\WINDOWS\System32\ole32.dll
0x00007ffea8260000 - 0x00007ffea82e6000 	C:\Users\moham\.jdks\openjdk-19.0.2\bin\freetype.dll
0x00007ffe999d0000 - 0x00007ffe99a96000 	C:\Users\moham\.jdks\openjdk-19.0.2\bin\fontmanager.dll
0x00007ffeb33e0000 - 0x00007ffeb350d000 	C:\WINDOWS\SYSTEM32\textinputframework.dll
0x00007ffe91f30000 - 0x00007ffe91f99000 	C:\WINDOWS\system32\Oleacc.dll
0x00007ffeb9310000 - 0x00007ffeb9443000 	C:\WINDOWS\SYSTEM32\CoreMessaging.dll
0x00007ffeb67f0000 - 0x00007ffeb6b5c000 	C:\WINDOWS\SYSTEM32\CoreUIComponents.dll
0x00007ffebff60000 - 0x00007ffebff6c000 	C:\WINDOWS\SYSTEM32\CRYPTBASE.DLL

dbghelp: loaded successfully - version: 4.0.5 - missing functions: none
symbol engine: initialized successfully - sym options: 0x614 - pdb path: .;C:\Users\moham\.jdks\openjdk-19.0.2\bin;C:\WINDOWS\SYSTEM32;C:\WINDOWS\WinSxS\amd64_microsoft.windows.common-controls_6595b64144ccf1df_6.0.22621.608_none_a9444ca7c10bb01d;C:\Users\moham\.jdks\openjdk-19.0.2\bin\server;C:\Program Files\JetBrains\IntelliJ IDEA Community Edition 2022.3.2\bin

VM Arguments:
jvm_args: -javaagent:C:\Program Files\JetBrains\IntelliJ IDEA Community Edition 2022.3.2\lib\idea_rt.jar=49393:C:\Program Files\JetBrains\IntelliJ IDEA Community Edition 2022.3.2\bin -Dfile.encoding=UTF-8 -Dsun.stdout.encoding=UTF-8 -Dsun.stderr.encoding=UTF-8 
java_command: KdTreeVisualizer
java_class_path (initial): D:\Git\kdtree;D:\Git\kdtree\.lift\algs4.jar
Launcher Type: SUN_STANDARD

[Global flags]
     intx CICompilerCount                          = 4                                         {product} {ergonomic}
     uint ConcGCThreads                            = 2                                         {product} {ergonomic}
     uint G1ConcRefinementThreads                  = 8                                         {product} {ergonomic}
   size_t G1HeapRegionSize                         = 1048576                                   {product} {ergonomic}
    uintx GCDrainStackTargetSize                   = 64                                        {product} {ergonomic}
   size_t InitialHeapSize                          = 132120576                                 {product} {ergonomic}
   size_t MarkStackSize                            = 4194304                                   {product} {ergonomic}
   size_t MaxHeapSize                              = 2095054848                                {product} {ergonomic}
   size_t MaxNewSize                               = 1256194048                                {product} {ergonomic}
   size_t MinHeapDeltaBytes                        = 1048576                                   {product} {ergonomic}
   size_t MinHeapSize                              = 8388608                                   {product} {ergonomic}
    uintx NonNMethodCodeHeapSize                   = 5839372                                {pd product} {ergonomic}
    uintx NonProfiledCodeHeapSize                  = 122909434                              {pd product} {ergonomic}
    uintx ProfiledCodeHeapSize                     = 122909434                              {pd product} {ergonomic}
    uintx ReservedCodeCacheSize                    = 251658240                              {pd product} {ergonomic}
     bool SegmentedCodeCache                       = true                                      {product} {ergonomic}
   size_t SoftMaxHeapSize                          = 2095054848                             {manageable} {ergonomic}
     bool UseCompressedClassPointers               = true                           {product lp64_product} {ergonomic}
     bool UseCompressedOops                        = true                           {product lp64_product} {ergonomic}
     bool UseG1GC                                  = true                                      {product} {ergonomic}
     bool UseLargePagesIndividualAllocation        = false                                  {pd product} {ergonomic}

Logging:
Log output configuration:
 #0: stdout all=warning uptime,level,tags foldmultilines=false
 #1: stderr all=off uptime,level,tags foldmultilines=false

Environment Variables:
PATH=C:\WINDOWS\system32;C:\WINDOWS;C:\WINDOWS\System32\Wbem;C:\WINDOWS\System32\WindowsPowerShell\v1.0\;C:\WINDOWS\System32\OpenSSH\;C:\Program Files\Git\cmd;C:\Program Files\Docker\Docker\resources\bin;C:\ProgramData\DockerDesktop\version-bin;;C:\Program Files\nodejs\;C:\Program Files\Cloudflare\Cloudflare WARP\;C:\Users\moham\AppData\Local\Programs\Python\Python311\Scripts\;C:\Users\moham\AppData\Local\Programs\Python\Python311\;C:\Users\moham\AppData\Local\Microsoft\WindowsApps;C:\Users\moham\AppData\Local\Programs\Microsoft VS Code\bin;C:\Users\moham\AppData\Local\GitHubDesktop\bin;C:\Users\moham\AppData\Roaming\npm;C:\Program Files\JetBrains\IntelliJ IDEA Community Edition 2022.3.2\bin;
USERNAME=moham
OS=Windows_NT
PROCESSOR_IDENTIFIER=Intel64 Family 6 Model 142 Stepping 12, GenuineIntel
TMP=C:\Users\moham\AppData\Local\Temp
TEMP=C:\Users\moham\AppData\Local\Temp



---------------  S Y S T E M  ---------------

OS:
 Windows 11 , 64 bit Build 22621 (10.0.22621.1194)
OS uptime: 2 days 9:39 hours
Hyper-V role detected

CPU: total 8 (initial active 8) (4 cores per cpu, 2 threads per core) family 6 model 142 stepping 12 microcode 0xea, cx8, cmov, fxsr, ht, mmx, 3dnowpref, sse, sse2, sse3, ssse3, sse4.1, sse4.2, popcnt, lzcnt, tsc, tscinvbit, avx, avx2, aes, erms, clmul, bmi1, bmi2, adx, fma, vzeroupper, clflush, clflushopt, hv, rdtscp

Memory: 4k page, system-wide physical 7988M (444M free)
TotalPageFile size 31439M (AvailPageFile size 3M)
current process WorkingSet (physical memory assigned to process): 76M, peak: 76M
current process commit charge ("private bytes"): 226M, peak: 227M

vm_info: OpenJDK 64-Bit Server VM (19.0.2+7-44) for windows-amd64 JRE (19.0.2+7-44), built on 2022-11-30T18:02:09Z by "mach5one" with MS VC++ 17.1 (VS2022)

END.
